--------------------
q1 > Test #1
Test #1
FAILURE
name:       check-equal?
location:   q1-bb.rkt:151:4
params:     '(world #f (doodad 125 120 10 12) (doodad 460 350 13 -9))
'(world #f (doodad 125 120 10 12) (doodad 460 350 -13 -9))
actual:     '(world #f (doodad 125 120 10 12) (doodad 460 350 13 -9))
expected:   '(world #f (doodad 125 120 10 12) (doodad 460 350 -13 -9))
expression: (check-equal? (world-as-list (initial-world 0)) (list (quote world) false (quote (doodad 125 120 10 12)) (quote (doodad 460 350 -13 -9))))
Check failure
--------------------
--------------------
q1 > Test #2
Test #2
FAILURE
name:       check-equal?
location:   q1-bb.rkt:158:4
params:     '(world #t (doodad 125 120 10 12) (doodad 460 350 13 -9))
'(world #t (doodad 125 120 10 12) (doodad 460 350 -13 -9))
actual:     '(world #t (doodad 125 120 10 12) (doodad 460 350 13 -9))
expected:   '(world #t (doodad 125 120 10 12) (doodad 460 350 -13 -9))
expression: (check-equal? (world-as-list (world-after-key-event (initial-world 0) " ")) (list (quote world) true (quote (doodad 125 120 10 12)) (quote (doodad 460 350 -13 -9))))
Check failure
--------------------
--------------------
q1 > Test #3
Test #3
FAILURE
name:       check-equal?
location:   q1-bb.rkt:166:4
params:     '(world #t (doodad 125 120 10 12) (doodad 460 350 13 -9))
'(world #t (doodad 125 120 10 12) (doodad 460 350 -13 -9))
actual:     '(world #t (doodad 125 120 10 12) (doodad 460 350 13 -9))
expected:   '(world #t (doodad 125 120 10 12) (doodad 460 350 -13 -9))
expression: (check-equal? (world-as-list (world-after-tick (world-after-key-event (initial-world 0) " "))) (list (quote world) true (quote (doodad 125 120 10 12)) (quote (doodad 460 350 -13 -9))))
Check failure
--------------------
--------------------
q1 > Test #4
Test #4
FAILURE
name:       check-equal?
location:   q1-bb.rkt:175:4
params:     '(world #f (doodad 125 120 10 12) (doodad 460 350 13 -9))
'(world #f (doodad 125 120 10 12) (doodad 460 350 -13 -9))
actual:     '(world #f (doodad 125 120 10 12) (doodad 460 350 13 -9))
expected:   '(world #f (doodad 125 120 10 12) (doodad 460 350 -13 -9))
expression: (check-equal? (world-as-list (world-after-key-event (world-after-tick (world-after-key-event (initial-world 0) " ")) " ")) (list (quote world) false (quote (doodad 125 120 10 12)) (quote (doodad 460 350 -13 -9))))
Check failure
--------------------
--------------------
q1 > Test #5
Test #5
FAILURE
name:       check-equal?
location:   q1-bb.rkt:186:4
params:     '(world #f (doodad 135 132 10 12) (doodad 473 341 13 -9))
'(world #f (doodad 135 132 10 12) (doodad 447 341 -13 -9))
actual:     '(world #f (doodad 135 132 10 12) (doodad 473 341 13 -9))
expected:   '(world #f (doodad 135 132 10 12) (doodad 447 341 -13 -9))
expression: (check-equal? (world-as-list (world-after-tick (initial-world 0))) (list (quote world) false (quote (doodad 135 132 10 12)) (quote (doodad 447 341 -13 -9))))
Check failure
--------------------
--------------------
q1 > Test #6
Test #6
FAILURE
name:       check-equal?
location:   q1-bb.rkt:194:4
params:     '(world #f (doodad 395 444 10 12) (doodad 389 107 -13 -9))
'(world #f (doodad 395 444 10 12) (doodad 109 107 -13 -9))
actual:     '(world #f (doodad 395 444 10 12) (doodad 389 107 -13 -9))
expected:   '(world #f (doodad 395 444 10 12) (doodad 109 107 -13 -9))
expression: (check-equal? (world-as-list (world-after-ticks (initial-world 0) 27)) (list (quote world) false (quote (doodad 395 444 10 12)) (quote (doodad 109 107 -13 -9))))
Check failure
--------------------
--------------------
q1 > Test #7
Test #7
FAILURE
name:       check-equal?
location:   q1-bb.rkt:202:4
params:     '(world #f (doodad 405 440 10 -12) (doodad 376 98 -13 -9))
'(world #f (doodad 405 440 10 -12) (doodad 96 98 -13 -9))
actual:     '(world #f (doodad 405 440 10 -12) (doodad 376 98 -13 -9))
expected:   '(world #f (doodad 405 440 10 -12) (doodad 96 98 -13 -9))
expression: (check-equal? (world-as-list (world-after-ticks (initial-world 0) 28)) (list (quote world) false (quote (doodad 405 440 10 -12)) (quote (doodad 96 98 -13 -9))))
Check failure
--------------------
--------------------
q1 > Test #8
Test #8
FAILURE
name:       check-equal?
location:   q1-bb.rkt:210:4
params:     '(world #f (doodad 475 356 10 -12) (doodad 285 35 -13 -9))
'(world #f (doodad 475 356 10 -12) (doodad 5 35 -13 -9))
actual:     '(world #f (doodad 475 356 10 -12) (doodad 285 35 -13 -9))
expected:   '(world #f (doodad 475 356 10 -12) (doodad 5 35 -13 -9))
expression: (check-equal? (world-as-list (world-after-ticks (initial-world 0) 35)) (list (quote world) false (quote (doodad 475 356 10 -12)) (quote (doodad 5 35 -13 -9))))
Check failure
--------------------
--------------------
q1 > Test #9
Test #9
FAILURE
name:       check-equal?
location:   q1-bb.rkt:218:4
params:     '(world #f (doodad 485 344 10 -12) (doodad 272 26 -13 -9))
'(world #f (doodad 485 344 10 -12) (doodad 8 26 13 -9))
actual:     '(world #f (doodad 485 344 10 -12) (doodad 272 26 -13 -9))
expected:   '(world #f (doodad 485 344 10 -12) (doodad 8 26 13 -9))
expression: (check-equal? (world-as-list (world-after-ticks (initial-world 0) 36)) (list (quote world) false (quote (doodad 485 344 10 -12)) (quote (doodad 8 26 13 -9))))
Check failure
--------------------
--------------------
q1 > Test #16
Test #16
FAILURE
name:       check-equal?
location:   q1-bb.rkt:266:4
params:     '(10 38 56 88 103 138 149 188 195)
'(35 38 81 88 127 138 173 188)
actual:     '(10 38 56 88 103 138 149 188 195)
expected:   '(35 38 81 88 127 138 173 188)
expression: (check-equal? (core-bounce-log (initial-world 0) 200 world-doodad-square) (list 35 38 81 88 127 138 173 188))
message:    "core bounces computed incorrectly for square doodad"
Check failure
--------------------
--------------------
q1 > Test #17
Test #17
FAILURE
name:       check-equal?
location:   q1-bb.rkt:271:4
params:     #f
#t
actual:     #f
expected:   #t
expression: (check-equal? (colors-are-equal? (color-after-ticks (initial-world 0) 0 world-doodad-square) (color-after-ticks (initial-world 0) 35 world-doodad-square)) true)
message:    "square color should be gray at first"
Check failure
--------------------
--------------------
q1 > Test #18
Test #18
FAILURE
name:       check-equal?
location:   q1-bb.rkt:278:4
params:     #f
#t
actual:     #f
expected:   #t
expression: (check-equal? (colors-not-equal? (color-after-ticks (initial-world 0) 35 world-doodad-square) (color-after-ticks (initial-world 0) 36 world-doodad-square)) true)
message:    "square color should change from gray to olive drab"
Check failure
--------------------
--------------------
q1 > Test #20
Test #20
FAILURE
name:       check-equal?
location:   q1-bb.rkt:292:4
params:     #f
#t
actual:     #f
expected:   #t
expression: (check-equal? (colors-not-equal? (color-after-ticks (initial-world 0) 81 world-doodad-square) (color-after-ticks (initial-world 0) 82 world-doodad-square)) true)
message:    "square color should change from khaki to orange"
Check failure
--------------------
--------------------
q1 > Test #22
Test #22
FAILURE
name:       check-equal?
location:   q1-bb.rkt:306:4
params:     #f
#t
actual:     #f
expected:   #t
expression: (check-equal? (colors-not-equal? (color-after-ticks (initial-world 0) 127 world-doodad-square) (color-after-ticks (initial-world 0) 128 world-doodad-square)) true)
message:    "square color should change from crimson to gray"
Check failure
--------------------
11 success(es) 14 failure(s) 0 error(s) 25 test(s) run
extras.rkt Wed Sep 14 08:52:19 2016
q1.rkt appears to be in a correctly named folder. Running tests...
Running tests from q1.rkt...
All tests passed (29 tests).
14
