--------------------
q2 > Test #2
Test #2
FAILURE
name:       check-equal?
location:   q2-bb.rkt:160:4
params:     '(world #f (doodad 125 120 10 12 #f) (doodad 460 350 13 -9 #f))
'(world #f (doodad 125 120 10 12 #f) (doodad 460 350 -13 -9 #f))
actual:     '(world #f (doodad 125 120 10 12 #f) (doodad 460 350 13 -9 #f))
expected:   '(world #f (doodad 125 120 10 12 #f) (doodad 460 350 -13 -9 #f))
expression: (check-equal? (world-as-list (initial-world 0)) (list (quote world) false (quote (doodad 125 120 10 12 #f)) (quote (doodad 460 350 -13 -9 #f))))
message:    "doodads should be unselected at first"
Check failure
--------------------
--------------------
q2 > Test #3
Test #3
FAILURE
name:       check-equal?
location:   q2-bb.rkt:168:4
params:     '(world #f (doodad 125 120 0 0 #t) (doodad 460 350 13 -9 #f))
'(world #f (doodad 125 120 10 12 #t) (doodad 460 350 -13 -9 #f))
actual:     '(world #f (doodad 125 120 0 0 #t) (doodad 460 350 13 -9 #f))
expected:   '(world #f (doodad 125 120 10 12 #t) (doodad 460 350 -13 -9 #f))
expression: (check-equal? (world-as-list (world-after-mouse-event (initial-world 0) 125 120 "button-down")) (list (quote world) false (quote (doodad 125 120 10 12 #t)) (quote (doodad 460 350 -13 -9 #f))))
message:    "star should be selected by button-down"
Check failure
--------------------
--------------------
q2 > Test #4
Test #4
FAILURE
name:       check-equal?
location:   q2-bb.rkt:178:4
params:     '(world #f (doodad 345 220 0 0 #t) (doodad 460 350 13 -9 #f))
'(world #f (doodad 345 220 10 12 #t) (doodad 460 350 -13 -9 #f))
actual:     '(world #f (doodad 345 220 0 0 #t) (doodad 460 350 13 -9 #f))
expected:   '(world #f (doodad 345 220 10 12 #t) (doodad 460 350 -13 -9 #f))
expression: (check-equal? (world-as-list (world-after-mouse-event (world-after-mouse-event (initial-world 0) 125 120 "button-down") 345 220 "drag")) (list (quote world) false (quote (doodad 345 220 10 12 #t)) (quote (doodad 460 350 -13 -9 #f))))
message:    "star should have been dragged"
Check failure
--------------------
--------------------
q2 > Test #5
Test #5
FAILURE
name:       check-equal?
location:   q2-bb.rkt:190:4
params:     '(world #f (doodad 440 360 10 12 #f) (doodad 460 350 13 -9 #f))
'(world #f (doodad 440 360 10 12 #f) (doodad 460 350 -13 -9 #f))
actual:     '(world #f (doodad 440 360 10 12 #f) (doodad 460 350 13 -9 #f))
expected:   '(world #f (doodad 440 360 10 12 #f) (doodad 460 350 -13 -9 #f))
expression: (check-equal? (world-as-list (world-after-mouse-event (world-after-mouse-event (world-after-mouse-event (initial-world 0) 125 120 "button-down") 440 360 "drag") 440 360 "button-up")) (list (quote world) false (quote (doodad 440 360 10 12 #f)) (quote (doodad 460 350 -13 -9 #f))))
message:    "star should have been dragged and unselected"
Check failure
--------------------
--------------------
q2 > Test #6
Test #6
FAILURE
name:       check-equal?
location:   q2-bb.rkt:204:4
params:     '(world #f (doodad 150 200 10 12 #f) (doodad 170 190 13 -9 #f))
'(world #f (doodad 150 200 10 12 #f) (doodad 170 190 -13 -9 #f))
actual:     '(world #f (doodad 150 200 10 12 #f) (doodad 170 190 13 -9 #f))
expected:   '(world #f (doodad 150 200 10 12 #f) (doodad 170 190 -13 -9 #f))
expression: (check-equal? (world-as-list (world-after-mouse-event (world-after-mouse-event (world-after-mouse-event (world-after-mouse-event (world-after-mouse-event (world-after-mouse-event (initial-world 0) 125 120 "button-down") 440 360 "drag") 440 360 "button-up") 440 360 "button-down") 150 200 "drag") 150 200 "button-up")) (list (quote world) false (quote (doodad 150 200 10 12 #f)) (quote (doodad 170 190 -13 -9 #f))))
message:    "both doodads should have been dragged"
Check failure
--------------------
--------------------
q2 > Test #8
Test #8
FAILURE
name:       check-equal?
location:   q2-bb.rkt:248:4
params:     '(doodad 275 167 0 0 #t)
'(doodad 275 167 10 -12 #t)
actual:     '(doodad 275 167 0 0 #t)
expected:   '(doodad 275 167 10 -12 #t)
expression: (check-equal? (let* ((w (world-after-ticks (initial-world 0) 28)) (d (world-doodad-star w)) (d (doodad-after-mouse-event d 405 440 "button-down")) (d (doodad-after-mouse-event d 275 167 "drag"))) (doodad-as-list d)) (quote (doodad 275 167 10 -12 #t)))
message:    "star should have been dragged to (275,167)"
Check failure
--------------------
--------------------
q2 > Test #9
Test #9
FAILURE
name:       check-equal?
location:   q2-bb.rkt:257:4
params:     '(doodad 376 98 -13 -9 #f)
'(doodad 286 255 -13 -9 #t)
actual:     '(doodad 376 98 -13 -9 #f)
expected:   '(doodad 286 255 -13 -9 #t)
expression: (check-equal? (let* ((w (world-after-ticks (initial-world 0) 28)) (d (world-doodad-square w)) (d (doodad-after-mouse-event d 120 123 "button-down")) (d (doodad-after-mouse-event d 310 280 "drag"))) (doodad-as-list d)) (quote (doodad 286 255 -13 -9 #t)))
message:    "square should have been dragged to (286,255)"
Check failure
--------------------
--------------------
q2 > Test #10
Test #10
FAILURE
name:       check-equal?
location:   q2-bb.rkt:268:4
params:     '(world #f (doodad 125 120 10 12 #f) (doodad 460 350 13 -9 #f))
'(world #f (doodad 125 120 10 12 #f) (doodad 460 350 -13 -9 #f))
actual:     '(world #f (doodad 125 120 10 12 #f) (doodad 460 350 13 -9 #f))
expected:   '(world #f (doodad 125 120 10 12 #f) (doodad 460 350 -13 -9 #f))
expression: (check-equal? (world-as-list (world-after-key-event (world-after-tick (world-after-key-event (initial-world 0) " ")) " ")) (list (quote world) false (quote (doodad 125 120 10 12 #f)) (quote (doodad 460 350 -13 -9 #f))))
Check failure
--------------------
--------------------
q2 > Test #11
Test #11
FAILURE
name:       check-equal?
location:   q2-bb.rkt:279:4
params:     '(world #f (doodad 135 132 10 12 #f) (doodad 473 341 13 -9 #f))
'(world #f (doodad 135 132 10 12 #f) (doodad 447 341 -13 -9 #f))
actual:     '(world #f (doodad 135 132 10 12 #f) (doodad 473 341 13 -9 #f))
expected:   '(world #f (doodad 135 132 10 12 #f) (doodad 447 341 -13 -9 #f))
expression: (check-equal? (world-as-list (world-after-tick (initial-world 0))) (list (quote world) false (quote (doodad 135 132 10 12 #f)) (quote (doodad 447 341 -13 -9 #f))))
Check failure
--------------------
--------------------
q2 > Test #12
Test #12
FAILURE
name:       check-equal?
location:   q2-bb.rkt:287:4
params:     '(world #f (doodad 405 440 10 -12 #f) (doodad 376 98 -13 -9 #f))
'(world #f (doodad 405 440 10 -12 #f) (doodad 96 98 -13 -9 #f))
actual:     '(world #f (doodad 405 440 10 -12 #f) (doodad 376 98 -13 -9 #f))
expected:   '(world #f (doodad 405 440 10 -12 #f) (doodad 96 98 -13 -9 #f))
expression: (check-equal? (world-as-list (world-after-ticks (initial-world 0) 28)) (list (quote world) false (quote (doodad 405 440 10 -12 #f)) (quote (doodad 96 98 -13 -9 #f))))
Check failure
--------------------
--------------------
q2 > Test #14
Test #14
FAILURE
name:       check-equal?
location:   q2-bb.rkt:300:4
params:     '(10 38 56 88 103 138 149 188 195)
'(35 38 81 88 127 138 173 188)
actual:     '(10 38 56 88 103 138 149 188 195)
expected:   '(35 38 81 88 127 138 173 188)
expression: (check-equal? (core-bounce-log (initial-world 0) 200 world-doodad-square) (list 35 38 81 88 127 138 173 188))
message:    "core bounces computed incorrectly for square doodad"
Check failure
--------------------
4 success(es) 11 failure(s) 0 error(s) 15 test(s) run
extras.rkt Wed Sep 14 08:52:19 2016
q2.rkt appears to be in a correctly named folder. Running tests...
Running tests from q2.rkt...
All tests passed (50 tests).
11
