--------------------
q1 > Test #39
Test #39
ERROR
error: format string requires 0 arguments, given 1; arguments were: 'world-doodad-1star "not one star" (list (doodad 545 230 12 10 "green" #f "star" 0 0 35) (doodad 473 66 -12 -10 "gold...
  context...:
   /usr/share/racket/collects/racket/private/more-scheme.rkt:261:28
   .../more-scheme.rkt:261:28
   /usr/share/racket/pkgs/rackunit-lib/rackunit/private/result.rkt:99:3
   /usr/share/racket/pkgs/rackunit-lib/rackunit/private/test-suite.rkt:28:2
   /usr/share/racket/pkgs/rackunit-lib/rackunit/private/test-suite.rkt:85:13: the-tests
   /usr/share/racket/pkgs/rackunit-lib/rackunit/private/test-suite.rkt:60:0: apply-test-suite
   /usr/share/racket/pkgs/rackunit-lib/rackunit/text-ui.rkt:200:0: run-tests14
   /home/justin/src/CODECUT/set04/pdp-williamwan/set04/q1-bb.rkt: [running body]

--------------------
43 success(es) 0 failure(s) 1 error(s) 44 test(s) run
extras.rkt Wed Sep 14 08:52:19 2016
q1.rkt appears to be in a correctly named folder. Running tests...
Running tests from q1.rkt...
All tests passed (72 tests).
1
